[debug] [2025-01-03T14:59:51.709Z] ----------------------------------------------------------------------
[debug] [2025-01-03T14:59:51.712Z] Command:       C:\Program Files\nodejs\node.exe C:\Users\swp\AppData\Roaming\npm\node_modules\firebase-tools\lib\bin\firebase.js deploy --only functions --debug
[debug] [2025-01-03T14:59:51.713Z] CLI Version:   13.29.1
[debug] [2025-01-03T14:59:51.713Z] Platform:      win32
[debug] [2025-01-03T14:59:51.713Z] Node Version:  v22.6.0
[debug] [2025-01-03T14:59:51.713Z] Time:          Fri Jan 03 2025 19:59:51 GMT+0500 (Pakistan Standard Time)
[debug] [2025-01-03T14:59:51.714Z] ----------------------------------------------------------------------
[debug] 
[debug] [2025-01-03T14:59:51.802Z] > command requires scopes: ["email","openid","https://www.googleapis.com/auth/cloudplatformprojects.readonly","https://www.googleapis.com/auth/firebase","https://www.googleapis.com/auth/cloud-platform"]
[debug] [2025-01-03T14:59:51.803Z] > authorizing via signed-in user (basitmurad7@gmail.com)
[debug] [2025-01-03T14:59:51.804Z] [iam] checking project location-tracker-7b4d0 for permissions ["cloudfunctions.functions.create","cloudfunctions.functions.delete","cloudfunctions.functions.get","cloudfunctions.functions.list","cloudfunctions.functions.update","cloudfunctions.operations.get","firebase.projects.get"]
[debug] [2025-01-03T14:59:51.807Z] Checked if tokens are valid: true, expires at: 1735918582469
[debug] [2025-01-03T14:59:51.807Z] Checked if tokens are valid: true, expires at: 1735918582469
[debug] [2025-01-03T14:59:51.809Z] >>> [apiv2][query] POST https://cloudresourcemanager.googleapis.com/v1/projects/location-tracker-7b4d0:testIamPermissions [none]
[debug] [2025-01-03T14:59:51.810Z] >>> [apiv2][(partial)header] POST https://cloudresourcemanager.googleapis.com/v1/projects/location-tracker-7b4d0:testIamPermissions x-goog-quota-user=projects/location-tracker-7b4d0
[debug] [2025-01-03T14:59:51.811Z] >>> [apiv2][body] POST https://cloudresourcemanager.googleapis.com/v1/projects/location-tracker-7b4d0:testIamPermissions {"permissions":["cloudfunctions.functions.create","cloudfunctions.functions.delete","cloudfunctions.functions.get","cloudfunctions.functions.list","cloudfunctions.functions.update","cloudfunctions.operations.get","firebase.projects.get"]}
[debug] [2025-01-03T14:59:53.288Z] <<< [apiv2][status] POST https://cloudresourcemanager.googleapis.com/v1/projects/location-tracker-7b4d0:testIamPermissions 200
[debug] [2025-01-03T14:59:53.288Z] <<< [apiv2][body] POST https://cloudresourcemanager.googleapis.com/v1/projects/location-tracker-7b4d0:testIamPermissions {"permissions":["cloudfunctions.functions.create","cloudfunctions.functions.delete","cloudfunctions.functions.get","cloudfunctions.functions.list","cloudfunctions.functions.update","cloudfunctions.operations.get","firebase.projects.get"]}
[debug] [2025-01-03T14:59:53.290Z] Checked if tokens are valid: true, expires at: 1735918582469
[debug] [2025-01-03T14:59:53.290Z] Checked if tokens are valid: true, expires at: 1735918582469
[debug] [2025-01-03T14:59:53.291Z] >>> [apiv2][query] POST https://iam.googleapis.com/v1/projects/location-tracker-7b4d0/serviceAccounts/location-tracker-7b4d0@appspot.gserviceaccount.com:testIamPermissions [none]
[debug] [2025-01-03T14:59:53.291Z] >>> [apiv2][body] POST https://iam.googleapis.com/v1/projects/location-tracker-7b4d0/serviceAccounts/location-tracker-7b4d0@appspot.gserviceaccount.com:testIamPermissions {"permissions":["iam.serviceAccounts.actAs"]}
[debug] [2025-01-03T14:59:54.683Z] <<< [apiv2][status] POST https://iam.googleapis.com/v1/projects/location-tracker-7b4d0/serviceAccounts/location-tracker-7b4d0@appspot.gserviceaccount.com:testIamPermissions 200
[debug] [2025-01-03T14:59:54.684Z] <<< [apiv2][body] POST https://iam.googleapis.com/v1/projects/location-tracker-7b4d0/serviceAccounts/location-tracker-7b4d0@appspot.gserviceaccount.com:testIamPermissions {"permissions":["iam.serviceAccounts.actAs"]}
[info] 
[info] === Deploying to 'location-tracker-7b4d0'...
[info] 
[info] i  deploying functions 
[info] Running command: npm --prefix "$RESOURCE_DIR" run lint
[error] 
[error] Error: functions predeploy error: Command terminated with non-zero exit code 1
[debug] [2025-01-03T15:01:35.438Z] ----------------------------------------------------------------------
[debug] [2025-01-03T15:01:35.441Z] Command:       C:\Program Files\nodejs\node.exe C:\Users\swp\AppData\Roaming\npm\node_modules\firebase-tools\lib\bin\firebase.js deploy --only functions --debug
[debug] [2025-01-03T15:01:35.442Z] CLI Version:   13.29.1
[debug] [2025-01-03T15:01:35.442Z] Platform:      win32
[debug] [2025-01-03T15:01:35.442Z] Node Version:  v22.6.0
[debug] [2025-01-03T15:01:35.442Z] Time:          Fri Jan 03 2025 20:01:35 GMT+0500 (Pakistan Standard Time)
[debug] [2025-01-03T15:01:35.442Z] ----------------------------------------------------------------------
[debug] 
[debug] [2025-01-03T15:01:35.532Z] > command requires scopes: ["email","openid","https://www.googleapis.com/auth/cloudplatformprojects.readonly","https://www.googleapis.com/auth/firebase","https://www.googleapis.com/auth/cloud-platform"]
[debug] [2025-01-03T15:01:35.534Z] > authorizing via signed-in user (basitmurad7@gmail.com)
[debug] [2025-01-03T15:01:35.534Z] [iam] checking project location-tracker-7b4d0 for permissions ["cloudfunctions.functions.create","cloudfunctions.functions.delete","cloudfunctions.functions.get","cloudfunctions.functions.list","cloudfunctions.functions.update","cloudfunctions.operations.get","firebase.projects.get"]
[debug] [2025-01-03T15:01:35.536Z] Checked if tokens are valid: true, expires at: 1735918582469
[debug] [2025-01-03T15:01:35.537Z] Checked if tokens are valid: true, expires at: 1735918582469
[debug] [2025-01-03T15:01:35.539Z] >>> [apiv2][query] POST https://cloudresourcemanager.googleapis.com/v1/projects/location-tracker-7b4d0:testIamPermissions [none]
[debug] [2025-01-03T15:01:35.539Z] >>> [apiv2][(partial)header] POST https://cloudresourcemanager.googleapis.com/v1/projects/location-tracker-7b4d0:testIamPermissions x-goog-quota-user=projects/location-tracker-7b4d0
[debug] [2025-01-03T15:01:35.540Z] >>> [apiv2][body] POST https://cloudresourcemanager.googleapis.com/v1/projects/location-tracker-7b4d0:testIamPermissions {"permissions":["cloudfunctions.functions.create","cloudfunctions.functions.delete","cloudfunctions.functions.get","cloudfunctions.functions.list","cloudfunctions.functions.update","cloudfunctions.operations.get","firebase.projects.get"]}
[debug] [2025-01-03T15:01:43.007Z] <<< [apiv2][status] POST https://cloudresourcemanager.googleapis.com/v1/projects/location-tracker-7b4d0:testIamPermissions 200
[debug] [2025-01-03T15:01:43.008Z] <<< [apiv2][body] POST https://cloudresourcemanager.googleapis.com/v1/projects/location-tracker-7b4d0:testIamPermissions {"permissions":["cloudfunctions.functions.create","cloudfunctions.functions.delete","cloudfunctions.functions.get","cloudfunctions.functions.list","cloudfunctions.functions.update","cloudfunctions.operations.get","firebase.projects.get"]}
[debug] [2025-01-03T15:01:43.009Z] Checked if tokens are valid: true, expires at: 1735918582469
[debug] [2025-01-03T15:01:43.009Z] Checked if tokens are valid: true, expires at: 1735918582469
[debug] [2025-01-03T15:01:43.010Z] >>> [apiv2][query] POST https://iam.googleapis.com/v1/projects/location-tracker-7b4d0/serviceAccounts/location-tracker-7b4d0@appspot.gserviceaccount.com:testIamPermissions [none]
[debug] [2025-01-03T15:01:43.010Z] >>> [apiv2][body] POST https://iam.googleapis.com/v1/projects/location-tracker-7b4d0/serviceAccounts/location-tracker-7b4d0@appspot.gserviceaccount.com:testIamPermissions {"permissions":["iam.serviceAccounts.actAs"]}
[debug] [2025-01-03T15:01:47.733Z] <<< [apiv2][status] POST https://iam.googleapis.com/v1/projects/location-tracker-7b4d0/serviceAccounts/location-tracker-7b4d0@appspot.gserviceaccount.com:testIamPermissions 200
[debug] [2025-01-03T15:01:47.734Z] <<< [apiv2][body] POST https://iam.googleapis.com/v1/projects/location-tracker-7b4d0/serviceAccounts/location-tracker-7b4d0@appspot.gserviceaccount.com:testIamPermissions {"permissions":["iam.serviceAccounts.actAs"]}
[info] 
[info] === Deploying to 'location-tracker-7b4d0'...
[info] 
[info] i  deploying functions 
[info] +  functions: Finished running predeploy script. 
[debug] [2025-01-03T15:01:47.741Z] Checked if tokens are valid: true, expires at: 1735918582469
[debug] [2025-01-03T15:01:47.742Z] Checked if tokens are valid: true, expires at: 1735918582469
[debug] [2025-01-03T15:01:47.742Z] >>> [apiv2][query] GET https://cloudresourcemanager.googleapis.com/v1/projects/location-tracker-7b4d0 [none]
[debug] [2025-01-03T15:01:48.304Z] <<< [apiv2][status] GET https://cloudresourcemanager.googleapis.com/v1/projects/location-tracker-7b4d0 200
[debug] [2025-01-03T15:01:48.305Z] <<< [apiv2][body] GET https://cloudresourcemanager.googleapis.com/v1/projects/location-tracker-7b4d0 {"projectNumber":"1050022980313","projectId":"location-tracker-7b4d0","lifecycleState":"ACTIVE","name":"location tracker","labels":{"firebase":"enabled","firebase-core":"disabled"},"createTime":"2024-12-24T17:23:26.185906Z"}
[info] i  functions: preparing codebase default for deployment 
[info] i  functions: preparing codebase location-update for deployment 
[info] i  functions: ensuring required API cloudfunctions.googleapis.com is enabled... 
[debug] [2025-01-03T15:01:48.312Z] Checked if tokens are valid: true, expires at: 1735918582469
[debug] [2025-01-03T15:01:48.312Z] Checked if tokens are valid: true, expires at: 1735918582469
[debug] [2025-01-03T15:01:48.313Z] Checked if tokens are valid: true, expires at: 1735918582469
[debug] [2025-01-03T15:01:48.313Z] Checked if tokens are valid: true, expires at: 1735918582469
[info] i  functions: ensuring required API cloudbuild.googleapis.com is enabled... 
[debug] [2025-01-03T15:01:48.314Z] Checked if tokens are valid: true, expires at: 1735918582469
[debug] [2025-01-03T15:01:48.314Z] Checked if tokens are valid: true, expires at: 1735918582469
[info] i  artifactregistry: ensuring required API artifactregistry.googleapis.com is enabled... 
[debug] [2025-01-03T15:01:48.315Z] Checked if tokens are valid: true, expires at: 1735918582469
[debug] [2025-01-03T15:01:48.315Z] Checked if tokens are valid: true, expires at: 1735918582469
[debug] [2025-01-03T15:01:48.315Z] >>> [apiv2][query] GET https://serviceusage.googleapis.com/v1/projects/location-tracker-7b4d0/services/cloudfunctions.googleapis.com [none]
[debug] [2025-01-03T15:01:48.316Z] >>> [apiv2][(partial)header] GET https://serviceusage.googleapis.com/v1/projects/location-tracker-7b4d0/services/cloudfunctions.googleapis.com x-goog-quota-user=projects/location-tracker-7b4d0
[debug] [2025-01-03T15:01:48.319Z] >>> [apiv2][query] GET https://serviceusage.googleapis.com/v1/projects/location-tracker-7b4d0/services/runtimeconfig.googleapis.com [none]
[debug] [2025-01-03T15:01:48.319Z] >>> [apiv2][(partial)header] GET https://serviceusage.googleapis.com/v1/projects/location-tracker-7b4d0/services/runtimeconfig.googleapis.com x-goog-quota-user=projects/location-tracker-7b4d0
[debug] [2025-01-03T15:01:48.321Z] >>> [apiv2][query] GET https://serviceusage.googleapis.com/v1/projects/location-tracker-7b4d0/services/cloudbuild.googleapis.com [none]
[debug] [2025-01-03T15:01:48.322Z] >>> [apiv2][(partial)header] GET https://serviceusage.googleapis.com/v1/projects/location-tracker-7b4d0/services/cloudbuild.googleapis.com x-goog-quota-user=projects/location-tracker-7b4d0
[debug] [2025-01-03T15:01:48.325Z] >>> [apiv2][query] GET https://serviceusage.googleapis.com/v1/projects/location-tracker-7b4d0/services/artifactregistry.googleapis.com [none]
[debug] [2025-01-03T15:01:48.326Z] >>> [apiv2][(partial)header] GET https://serviceusage.googleapis.com/v1/projects/location-tracker-7b4d0/services/artifactregistry.googleapis.com x-goog-quota-user=projects/location-tracker-7b4d0
[debug] [2025-01-03T15:01:52.936Z] <<< [apiv2][status] GET https://serviceusage.googleapis.com/v1/projects/location-tracker-7b4d0/services/artifactregistry.googleapis.com 200
[debug] [2025-01-03T15:01:52.937Z] <<< [apiv2][body] GET https://serviceusage.googleapis.com/v1/projects/location-tracker-7b4d0/services/artifactregistry.googleapis.com [omitted]
[warn] !  artifactregistry: missing required API artifactregistry.googleapis.com. Enabling now... 
[debug] [2025-01-03T15:01:52.942Z] Checked if tokens are valid: true, expires at: 1735918582469
[debug] [2025-01-03T15:01:52.943Z] Checked if tokens are valid: true, expires at: 1735918582469
[debug] [2025-01-03T15:01:52.944Z] >>> [apiv2][query] POST https://serviceusage.googleapis.com/v1/projects/location-tracker-7b4d0/services/artifactregistry.googleapis.com:enable [none]
[debug] [2025-01-03T15:01:52.945Z] >>> [apiv2][(partial)header] POST https://serviceusage.googleapis.com/v1/projects/location-tracker-7b4d0/services/artifactregistry.googleapis.com:enable x-goog-quota-user=projects/location-tracker-7b4d0
[debug] [2025-01-03T15:01:53.593Z] <<< [apiv2][status] GET https://serviceusage.googleapis.com/v1/projects/location-tracker-7b4d0/services/cloudbuild.googleapis.com 200
[debug] [2025-01-03T15:01:53.594Z] <<< [apiv2][body] GET https://serviceusage.googleapis.com/v1/projects/location-tracker-7b4d0/services/cloudbuild.googleapis.com [omitted]
[warn] !  functions: missing required API cloudbuild.googleapis.com. Enabling now... 
[debug] [2025-01-03T15:01:53.595Z] Checked if tokens are valid: true, expires at: 1735918582469
[debug] [2025-01-03T15:01:53.595Z] Checked if tokens are valid: true, expires at: 1735918582469
[debug] [2025-01-03T15:01:53.596Z] >>> [apiv2][query] POST https://serviceusage.googleapis.com/v1/projects/location-tracker-7b4d0/services/cloudbuild.googleapis.com:enable [none]
[debug] [2025-01-03T15:01:53.596Z] >>> [apiv2][(partial)header] POST https://serviceusage.googleapis.com/v1/projects/location-tracker-7b4d0/services/cloudbuild.googleapis.com:enable x-goog-quota-user=projects/location-tracker-7b4d0
[debug] [2025-01-03T15:01:53.600Z] <<< [apiv2][status] GET https://serviceusage.googleapis.com/v1/projects/location-tracker-7b4d0/services/runtimeconfig.googleapis.com 200
[debug] [2025-01-03T15:01:53.600Z] <<< [apiv2][body] GET https://serviceusage.googleapis.com/v1/projects/location-tracker-7b4d0/services/runtimeconfig.googleapis.com [omitted]
[debug] [2025-01-03T15:01:53.602Z] <<< [apiv2][status] GET https://serviceusage.googleapis.com/v1/projects/location-tracker-7b4d0/services/cloudfunctions.googleapis.com 200
[debug] [2025-01-03T15:01:53.603Z] <<< [apiv2][body] GET https://serviceusage.googleapis.com/v1/projects/location-tracker-7b4d0/services/cloudfunctions.googleapis.com [omitted]
[info] +  functions: required API cloudfunctions.googleapis.com is enabled 
[debug] [2025-01-03T15:01:54.535Z] <<< [apiv2][status] POST https://serviceusage.googleapis.com/v1/projects/location-tracker-7b4d0/services/artifactregistry.googleapis.com:enable 400
[debug] [2025-01-03T15:01:54.536Z] <<< [apiv2][body] POST https://serviceusage.googleapis.com/v1/projects/location-tracker-7b4d0/services/artifactregistry.googleapis.com:enable [omitted]
[debug] [2025-01-03T15:01:56.343Z] <<< [apiv2][status] POST https://serviceusage.googleapis.com/v1/projects/location-tracker-7b4d0/services/cloudbuild.googleapis.com:enable 400
[debug] [2025-01-03T15:01:56.344Z] <<< [apiv2][body] POST https://serviceusage.googleapis.com/v1/projects/location-tracker-7b4d0/services/cloudbuild.googleapis.com:enable [omitted]
[error] 
[error] Error: Your project location-tracker-7b4d0 must be on the Blaze (pay-as-you-go) plan to complete this command. Required API artifactregistry.googleapis.com can't be enabled until the upgrade is complete. To upgrade, visit the following URL:

https://console.firebase.google.com/project/location-tracker-7b4d0/usage/details
